[debug] > Exec(early(addDefaultCommands), None, None)
[debug] > Exec(addDefaultCommands, None, None)
[debug] > Exec(early(initialize), None, None)
[debug] > Exec(initialize, None, None)
[debug] > Exec(early(addPluginSbtFile="""C:\Users\lialq\AppData\Local\Temp\idea.sbt"""), None, None)
[debug] > Exec(addPluginSbtFile="""C:\Users\lialq\AppData\Local\Temp\idea.sbt""", None, None)
[debug] > Exec(boot, None, None)
[debug] > Exec(writeSbtVersion, None, None)
[debug] > Exec(reload, None, None)
[debug] > Exec(sbtStashOnFailure, None, None)
[debug] > Exec(onFailure loadFailed, None, None)
[debug] > Exec(loadp, None, None)
[info] welcome to sbt 1.10.11 (Amazon.com Inc. Java 17.0.12)
[debug] Load.defaultLoad until apply took 262.7216ms
[debug]           Load.loadUnit: plugins took 169.5489ms
[debug]           Load.loadUnit: defsScala took 0.4364ms
[debug] [Loading] Scanning directory C:\Users\lialq\IdeaProjects\matrix_multiplication_parallel\project
[debug]             Load.loadUnit: mkEval took 13.6105ms
[debug] [Loading] Found non-root projects 
[debug] [Loading] Done in C:\Users\lialq\IdeaProjects\matrix_multiplication_parallel\project, returning: ()
[debug] deducing auto plugins based on known facts Set(Atom(sbt.plugins.CorePlugin)) and clauses Clauses(Clause(Atom(sbt.plugins.JvmPlugin),Set(Atom(sbt.plugins.IvyPlugin)))
[debug] Clause(Atom(sbt.ScriptedPlugin),Set(Atom(sbt.plugins.JvmPlugin)))
[debug] Clause(Atom(sbt.plugins.SbtPlugin),Set(Atom(sbt.ScriptedPlugin)))
[debug] Clause(Atom(sbt.plugins.SemanticdbPlugin),Set(Atom(sbt.plugins.JvmPlugin)))
[debug] Clause(Atom(sbt.plugins.JUnitXmlReportPlugin),Set(Atom(sbt.plugins.JvmPlugin)))
[debug] Clause(Atom(sbt.plugins.MiniDependencyTreePlugin),Set(Atom(sbt.plugins.JvmPlugin)))
[debug] Clause(Atom(sbt.plugins.CorePlugin),Set(Atom(sbt.plugins.IvyPlugin)))
[debug] Clause(Atom(sbt.plugins.IvyPlugin),Set(Atom(sbt.plugins.JvmPlugin)))
[debug] Clause(Atom(sbt.plugins.JvmPlugin),Set(Atom(sbt.plugins.SemanticdbPlugin)))
[debug] Clause(Atom(sbt.plugins.JvmPlugin),Set(Atom(sbt.plugins.JUnitXmlReportPlugin)))
[debug] Clause(Atom(sbt.plugins.CorePlugin),Set(Atom(sbt.plugins.Giter8TemplatePlugin)))
[debug] Clause(Atom(sbt.plugins.JvmPlugin),Set(Atom(sbt.plugins.MiniDependencyTreePlugin))))
[debug]   :: deduced result: Matched(sbt.plugins.CorePlugin,sbt.plugins.Giter8TemplatePlugin,sbt.plugins.IvyPlugin,sbt.plugins.JvmPlugin,sbt.plugins.MiniDependencyTreePlugin,sbt.plugins.JUnitXmlReportPlugin,sbt.plugins.SemanticdbPlugin)
[debug] Plugins.deducer#function took 38.3022 ms
[info] loading settings for project matrix_multiplication_parallel-build from idea.sbt...
[debug]               Load.resolveProject(matrix_multiplication_parallel-build) took 119.1834ms
[debug]             Load.loadTransitive: finalizeProject(Project(id matrix_multiplication_parallel-build, base: C:\Users\lialq\IdeaProjects\matrix_multiplication_parallel\project, plugins: List(<none>))) took 182.8849ms
[debug] [Loading] Done in C:\Users\lialq\IdeaProjects\matrix_multiplication_parallel\project, returning: (matrix_multiplication_parallel-build)
[debug]           Load.loadUnit: loadedProjectsRaw took 5920.7601ms
[debug]           Load.loadUnit: cleanEvalClasses took 22.8361ms
[debug]         Load.loadUnit(file:/C:/Users/lialq/IdeaProjects/matrix_multiplication_parallel/project/, ...) took 6122.2656ms
[debug]       Load.apply: load took 6522.0267ms
[debug]       Load.apply: resolveProjects took 12.5874ms
[debug]       Load.apply: finalTransforms took 146.6549ms
[debug]       Load.apply: config.delegates took 15.8441ms
[debug]       Load.apply: Def.make(settings)... took 1000.4773ms
[debug]       Load.apply: structureIndex took 233.5951ms
[debug]       Load.apply: mkStreams took 3.2851ms
[info] loading project definition from C:\Users\lialq\IdeaProjects\matrix_multiplication_parallel\project
[debug] Running task... Cancel: Signal, check cycles: false, forcegc: true
[debug]     Load.loadUnit: plugins took 14028.5465ms
[debug]     Load.loadUnit: defsScala took 0.0096ms
[debug] [Loading] Scanning directory C:\Users\lialq\IdeaProjects\matrix_multiplication_parallel
[debug]       Load.loadUnit: mkEval took 1.3555ms
[debug] [Loading] Found root project root w/ remaining 
[debug] deducing auto plugins based on known facts Set(Atom(sbt.plugins.CorePlugin)) and clauses Clauses(Clause(Atom(sbt.plugins.JvmPlugin),Set(Atom(sbt.plugins.IvyPlugin)))
[debug] Clause(Atom(sbt.ScriptedPlugin),Set(Atom(sbt.plugins.JvmPlugin)))
[debug] Clause(Atom(sbt.plugins.SbtPlugin),Set(Atom(sbt.ScriptedPlugin)))
[debug] Clause(Atom(sbt.plugins.SemanticdbPlugin),Set(Atom(sbt.plugins.JvmPlugin)))
[debug] Clause(Atom(sbt.plugins.JUnitXmlReportPlugin),Set(Atom(sbt.plugins.JvmPlugin)))
[debug] Clause(Atom(sbt.plugins.MiniDependencyTreePlugin),Set(Atom(sbt.plugins.JvmPlugin)))
[debug] Clause(Atom(org.jetbrains.sbt.StructurePlugin),Set(Atom(sbt.plugins.JvmPlugin)))
[debug] Clause(Atom(org.jetbrains.sbt.IdeaShellPlugin),Set(Atom(sbt.plugins.JvmPlugin)))
[debug] Clause(Atom(sbt.plugins.CorePlugin),Set(Atom(sbt.plugins.IvyPlugin)))
[debug] Clause(Atom(sbt.plugins.IvyPlugin),Set(Atom(sbt.plugins.JvmPlugin)))
[debug] Clause(Atom(sbt.plugins.JvmPlugin),Set(Atom(sbt.plugins.SemanticdbPlugin)))
[debug] Clause(Atom(sbt.plugins.JvmPlugin),Set(Atom(sbt.plugins.JUnitXmlReportPlugin)))
[debug] Clause(Atom(sbt.plugins.CorePlugin),Set(Atom(sbt.plugins.Giter8TemplatePlugin)))
[debug] Clause(Atom(sbt.plugins.JvmPlugin),Set(Atom(sbt.plugins.MiniDependencyTreePlugin)))
[debug] Clause(Atom(sbt.plugins.JvmPlugin),Set(Atom(org.jetbrains.sbt.StructurePlugin)))
[debug] Clause(Atom(sbt.plugins.JvmPlugin),Set(Atom(org.jetbrains.sbt.IdeaShellPlugin))))
[debug]   :: deduced result: Matched(sbt.plugins.CorePlugin,sbt.plugins.Giter8TemplatePlugin,sbt.plugins.IvyPlugin,sbt.plugins.JvmPlugin,sbt.plugins.SemanticdbPlugin,sbt.plugins.JUnitXmlReportPlugin,org.jetbrains.sbt.IdeaShellPlugin,org.jetbrains.sbt.StructurePlugin,sbt.plugins.MiniDependencyTreePlugin)
[debug] Plugins.deducer#function took 6.2737 ms
[info] loading settings for project root from build.sbt...
[debug]         Load.resolveProject(root) took 74.7109ms
[debug]       Load.loadTransitive: finalizeProject(Project(id root, base: C:\Users\lialq\IdeaProjects\matrix_multiplication_parallel, plugins: List(<none>))) took 83.9432ms
[debug] [Loading] Done in C:\Users\lialq\IdeaProjects\matrix_multiplication_parallel, returning: (root)
[debug]     Load.loadUnit: loadedProjectsRaw took 4092.2527ms
[debug]     Load.loadUnit: cleanEvalClasses took 74.1151ms
[debug]   Load.loadUnit(file:/C:/Users/lialq/IdeaProjects/matrix_multiplication_parallel/, ...) took 18199.1818ms
[debug] Load.apply: load took 18251.038ms
[debug] Load.apply: resolveProjects took 0.4336ms
[debug] Load.apply: finalTransforms took 76.5442ms
[debug] Load.apply: config.delegates took 0.8308ms
[debug] Load.apply: Def.make(settings)... took 178.6603ms
[debug] Load.apply: structureIndex took 39.8859ms
[debug] Load.apply: mkStreams took 0.0059ms
[info] set current project to Taller Paralelismo de Tareas y Datos (in build file:/C:/Users/lialq/IdeaProjects/matrix_multiplication_parallel/)
[debug] > Exec(sbtPopOnFailure, None, None)
[debug] > Exec(resumeFromFailure, None, None)
[debug] > Exec(notifyUsersAboutShell, None, None)
[debug] > Exec(iflast shell, None, None)
[debug] > Exec(idea-shell, None, None)
